Time[ps]      Etot[eV]     Epot[eV]     Ekin[eV]    T[K]      ---------------------- stress [GPa] -----------------------
0.0000         -64766.2     -64766.2          0.0     0.0      0.821      0.908      0.128     -0.170      0.027     -0.009
0.2000         -64728.8     -64836.3        107.5   145.8      0.585      0.855     -0.591     -0.316      0.017      0.003
0.4000         -64692.4     -64819.0        126.6   171.6      0.670      0.954     -0.774     -0.351      0.003     -0.006
0.6000         -64660.7     -64807.6        146.9   199.2      0.938      1.183     -0.340     -0.347      0.009     -0.003
0.8000         -64627.9     -64787.3        159.4   216.1      1.027      1.215     -0.364     -0.313      0.004     -0.009
1.0000         -64598.6     -64780.7        182.1   246.9      0.931      1.128     -0.575     -0.335     -0.016      0.003
1.2000         -64567.9     -64767.8        199.9   271.1      0.788      1.016     -0.548     -0.308     -0.023     -0.010
1.4000         -64541.0     -64759.6        218.6   296.4      0.788      1.002     -0.396     -0.279     -0.014     -0.012
1.6000         -64515.2     -64754.4        239.2   324.3      0.722      0.924     -0.544     -0.256     -0.018     -0.021
1.8000         -64492.7     -64743.5        250.8   340.0      0.732      1.005     -0.552     -0.266      0.006     -0.031
2.0000         -64465.7     -64727.6        261.9   355.1      0.797      1.121     -0.423     -0.288      0.001     -0.018
2.2000         -64444.0     -64725.3        281.3   381.4      0.809      1.138     -0.453     -0.291      0.009      0.005
2.4000         -64422.2     -64705.9        283.7   384.6      0.812      1.104     -0.513     -0.285      0.013     -0.008
2.6000         -64401.3     -64700.4        299.1   405.6      0.822      1.065     -0.447     -0.287      0.011      0.008
2.8000         -64379.9     -64689.6        309.7   420.0      0.797      1.038     -0.415     -0.295     -0.009     -0.008
3.0000         -64362.2     -64688.3        326.1   442.1      0.831      1.026     -0.489     -0.298     -0.004      0.003
3.2000         -64341.6     -64672.5        330.9   448.6      0.875      1.064     -0.483     -0.302     -0.036     -0.029
3.4000         -64322.6     -64665.1        342.5   464.3      0.849      1.062     -0.431     -0.299     -0.028     -0.022
3.6000         -64309.1     -64659.9        350.8   475.7      0.786      1.057     -0.481     -0.310     -0.013     -0.016
3.8000         -64294.2     -64656.7        362.5   491.5      0.761      1.056     -0.519     -0.311      0.006     -0.007
4.0000         -64277.9     -64642.0        364.1   493.7      0.760      1.041     -0.415     -0.302      0.007     -0.023
4.2000         -64262.2     -64638.9        376.6   510.7      0.773      1.072     -0.422     -0.314      0.006     -0.012
4.4000         -64247.6     -64623.6        376.0   509.9      0.815      1.057     -0.439     -0.300     -0.000     -0.006
4.6000         -64235.1     -64621.5        386.4   523.8      0.841      1.031     -0.485     -0.299     -0.006     -0.002
4.8000         -64219.9     -64614.6        394.7   535.2      0.857      1.045     -0.417     -0.302     -0.037     -0.006
5.0000         -64204.5     -64615.3        410.9   557.1      0.849      1.034     -0.437     -0.278      0.004      0.013
5.2000         -64188.6     -64604.2        415.6   563.5      0.800      1.049     -0.492     -0.283      0.016      0.012
5.4000         -64175.5     -64601.3        425.8   577.3      0.790      1.035     -0.434     -0.287     -0.003      0.006
5.6000         -64167.7     -64594.8        427.1   579.1      0.775      1.058     -0.400     -0.284      0.002     -0.007
5.8000         -64157.4     -64589.6        432.3   586.1      0.810      1.097     -0.411     -0.285      0.003     -0.028
6.0000         -64146.3     -64593.1        446.7   605.7      0.810      1.077     -0.449     -0.274     -0.019     -0.020
6.2000         -64138.1     -64585.9        447.8   607.2      0.875      1.075     -0.352     -0.297     -0.013     -0.007
6.4000         -64129.2     -64588.6        459.4   622.8      0.816      1.001     -0.413     -0.315     -0.008     -0.006
6.6000         -64119.4     -64573.7        454.3   615.9      0.829      1.029     -0.432     -0.318     -0.011     -0.014
6.8000         -64113.8     -64570.5        456.7   619.2      0.792      1.046     -0.397     -0.303     -0.014      0.001
7.0000         -64104.9     -64569.6        464.7   630.1      0.776      1.031     -0.417     -0.292     -0.015     -0.011
7.2000         -64101.4     -64570.9        469.5   636.5      0.790      1.050     -0.393     -0.289     -0.009     -0.012
7.4000         -64098.1     -64572.2        474.1   642.9      0.835      1.044     -0.388     -0.317     -0.013     -0.006
7.6000         -64091.1     -64566.6        475.6   644.8      0.855      1.054     -0.342     -0.302      0.016     -0.026
7.8000         -64084.8     -64567.1        482.2   653.8      0.778      0.997     -0.432     -0.318     -0.017     -0.002
8.0000         -64084.4     -64563.2        478.9   649.3      0.788      1.000     -0.429     -0.302     -0.023      0.001
8.2000         -64076.7     -64557.0        480.3   651.2      0.804      1.070     -0.317     -0.287     -0.036      0.012
8.4000         -64074.4     -64557.7        483.3   655.3      0.779      1.047     -0.362     -0.268     -0.021      0.012
8.6000         -64066.4     -64554.5        488.1   661.8      0.769      1.061     -0.394     -0.306      0.027     -0.009
8.8000         -64060.8     -64546.1        485.4   658.1      0.840      1.076     -0.389     -0.274      0.015     -0.001
9.0000         -64056.8     -64557.8        501.0   679.3      0.844      1.103     -0.322     -0.304      0.020     -0.015
9.2000         -64050.2     -64550.4        500.1   678.1      0.805      1.048     -0.376     -0.277     -0.011     -0.011
9.4000         -64045.6     -64553.2        507.6   688.2      0.771      1.056     -0.387     -0.302     -0.013     -0.040
9.6000         -64039.9     -64546.8        506.9   687.2      0.791      1.066     -0.341     -0.321     -0.018     -0.014
9.8000         -64036.0     -64546.1        510.1   691.6      0.790      1.065     -0.333     -0.289     -0.032     -0.020
10.0000        -64030.1     -64538.7        508.6   689.6      0.858      1.112     -0.338     -0.276      0.004     -0.001
10.2000        -64031.9     -64543.4        511.5   693.5      0.834      1.031     -0.352     -0.289      0.005     -0.015
10.4000        -64024.8     -64544.5        519.7   704.6      0.799      1.111     -0.344     -0.310      0.003      0.001
10.6000        -64022.8     -64540.6        517.8   702.1      0.782      1.120     -0.329     -0.318     -0.009     -0.011
10.8000        -64019.4     -64543.7        524.3   710.9      0.816      1.136     -0.260     -0.320      0.009      0.008
11.0000        -64012.1     -64538.6        526.6   713.9      0.819      1.128     -0.271     -0.298     -0.002     -0.002
11.2000        -64011.0     -64540.4        529.4   717.8      0.825      1.088     -0.330     -0.327     -0.005      0.006
11.4000        -64013.0     -64538.7        525.8   712.9      0.839      1.082     -0.291     -0.331     -0.005     -0.005
11.6000        -64008.3     -64537.8        529.6   718.0      0.837      1.094     -0.330     -0.300     -0.020      0.008
11.8000        -64005.0     -64533.6        528.5   716.6      0.799      1.043     -0.293     -0.309     -0.035     -0.006
12.0000        -64002.3     -64537.5        535.2   725.6      0.772      1.061     -0.287     -0.277     -0.020      0.003
12.2000        -63997.1     -64536.1        539.0   730.8      0.778      1.078     -0.305     -0.289     -0.000     -0.021
12.4000        -63992.2     -64529.6        537.4   728.6      0.755      1.107     -0.314     -0.277     -0.017     -0.030
12.6000        -63991.6     -64525.3        533.7   723.6      0.836      1.122     -0.236     -0.301      0.017     -0.016
12.8000        -63987.0     -64521.3        534.3   724.4      0.810      1.094     -0.271     -0.311      0.007     -0.035
13.0000        -63983.6     -64526.7        543.0   736.3      0.837      1.097     -0.298     -0.275     -0.023     -0.034
13.2000        -63986.0     -64528.2        542.2   735.2      0.776      1.046     -0.291     -0.271      0.004     -0.034
13.4000        -63978.7     -64525.8        547.1   741.8      0.810      1.061     -0.270     -0.292     -0.027     -0.006
13.6000        -63970.9     -64515.6        544.7   738.5      0.800      1.086     -0.266     -0.298      0.002      0.005
13.8000        -63969.7     -64511.0        541.3   733.9      0.822      1.115     -0.280     -0.284     -0.011      0.013
14.0000        -63965.5     -64513.9        548.4   743.5      0.812      1.082     -0.267     -0.315     -0.002     -0.004
14.2000        -63965.8     -64511.4        545.6   739.7      0.820      1.069     -0.271     -0.316     -0.017     -0.016
14.4000        -63965.2     -64509.6        544.4   738.1      0.787      1.082     -0.267     -0.297     -0.013      0.007
14.6000        -63962.1     -64522.4        560.2   759.6      0.753      1.090     -0.261     -0.292     -0.005     -0.028
14.8000        -63965.0     -64519.8        554.8   752.2      0.741      1.084     -0.251     -0.296     -0.013     -0.015
15.0000        -63967.1     -64520.9        553.9   751.0      0.785      1.117     -0.271     -0.311     -0.049     -0.003
15.2000        -63964.8     -64527.0        562.2   762.2      0.801      1.091     -0.231     -0.304     -0.038     -0.014
15.4000        -63964.0     -64523.6        559.6   758.7      0.816      1.109     -0.218     -0.299     -0.020     -0.000
15.6000        -63962.7     -64521.2        558.5   757.3      0.831      1.143     -0.227     -0.331     -0.026     -0.013
15.8000        -63966.0     -64528.3        562.3   762.4      0.804      1.097     -0.197     -0.306     -0.025     -0.019
16.0000        -63966.4     -64520.8        554.3   751.6      0.786      1.105     -0.203     -0.329     -0.006     -0.002
16.2000        -63968.4     -64525.6        557.2   755.5      0.792      1.115     -0.204     -0.308      0.001     -0.002
16.4000        -63966.3     -64535.3        569.0   771.4      0.748      1.087     -0.214     -0.315     -0.011     -0.023
16.6000        -63962.6     -64530.0        567.4   769.2      0.852      1.136     -0.170     -0.318     -0.026     -0.006
16.8000        -63960.7     -64521.0        560.3   759.6      0.833      1.168     -0.151     -0.311     -0.025      0.004
17.0000        -63964.9     -64527.8        562.9   763.1      0.847      1.145     -0.209     -0.305     -0.017      0.015
17.2000        -63967.8     -64536.5        568.7   771.1      0.803      1.152     -0.183     -0.316     -0.024      0.019
17.4000        -63970.6     -64529.3        558.8   757.6      0.807      1.120     -0.153     -0.294     -0.025      0.014
17.6000        -63967.2     -64526.0        558.8   757.6      0.771      1.098     -0.174     -0.310     -0.022     -0.014
17.8000        -63967.6     -64528.3        560.7   760.2      0.773      1.114     -0.201     -0.338     -0.041     -0.026
18.0000        -63970.2     -64530.5        560.3   759.6      0.785      1.136     -0.175     -0.301     -0.019     -0.023
18.2000        -63966.4     -64526.8        560.3   759.7      0.765      1.101     -0.199     -0.316     -0.008     -0.029
18.4000        -63966.6     -64531.2        564.6   765.5      0.815      1.102     -0.181     -0.306     -0.033     -0.017
18.6000        -63964.7     -64524.5        559.8   759.0      0.763      1.067     -0.175     -0.309     -0.026     -0.018
18.8000        -63969.2     -64536.3        567.1   768.9      0.836      1.132     -0.107     -0.307     -0.044     -0.031
19.0000        -63965.6     -64527.8        562.3   762.3      0.810      1.092     -0.166     -0.318     -0.005      0.002
19.2000        -63964.3     -64524.7        560.4   759.8      0.777      1.095     -0.187     -0.318     -0.014      0.007
19.4000        -63962.7     -64525.3        562.6   762.8      0.822      1.117     -0.100     -0.327     -0.012      0.009
19.6000        -63962.5     -64523.9        561.5   761.3      0.760      1.122     -0.146     -0.329      0.014      0.004
19.8000        -63963.9     -64530.1        566.2   767.7      0.768      1.094     -0.179     -0.336     -0.005     -0.012
20.0000        -63963.5     -64532.8        569.3   771.8      0.770      1.083     -0.149     -0.304     -0.039     -0.003
