Time[ps]      Etot[eV]     Epot[eV]     Ekin[eV]    T[K]      ---------------------- stress [GPa] -----------------------
0.0000        -45639.20    -45639.20         0.00     0.0      0.891      1.032      0.157     -0.168     -0.000     -0.004
0.2000        -45620.51    -45688.51        67.99   176.5      0.764      1.037     -0.182     -0.260      0.005     -0.018
0.4000        -45603.97    -45685.06        81.10   210.5      0.851      1.149     -0.184     -0.292      0.001     -0.018
0.6000        -45586.32    -45676.93        90.61   235.2      0.897      1.196     -0.102     -0.276      0.018     -0.031
0.8000        -45571.81    -45673.05       101.24   262.8      0.832      1.119     -0.218     -0.263      0.010     -0.024
1.0000        -45556.92    -45666.35       109.42   284.0      0.816      1.100     -0.132     -0.262     -0.006     -0.015
1.2000        -45545.06    -45665.99       120.94   313.9      0.818      1.070     -0.142     -0.282      0.006      0.003
1.4000        -45533.32    -45660.58       127.26   330.3      0.850      1.118     -0.165     -0.281      0.015      0.004
1.6000        -45522.08    -45661.28       139.20   361.3      0.851      1.159     -0.122     -0.272      0.007      0.008
1.8000        -45508.38    -45653.33       144.94   376.2      0.810      1.098     -0.145     -0.259      0.024     -0.003
2.0000        -45496.34    -45647.66       151.31   392.7      0.792      1.103     -0.122     -0.277      0.035     -0.020
2.2000        -45484.98    -45645.08       160.10   415.5      0.793      1.115     -0.109     -0.283      0.018     -0.028
2.4000        -45475.88    -45642.67       166.78   432.8      0.835      1.170     -0.101     -0.295      0.023     -0.036
2.6000        -45465.48    -45634.46       168.98   438.5      0.839      1.166     -0.119     -0.295      0.012     -0.031
2.8000        -45456.82    -45632.95       176.13   457.1      0.835      1.138     -0.093     -0.277      0.011     -0.016
3.0000        -45450.99    -45632.25       181.26   470.4      0.845      1.104     -0.107     -0.291      0.016     -0.023
3.2000        -45441.49    -45628.37       186.88   485.0      0.833      1.123     -0.094     -0.290      0.014     -0.024
3.4000        -45433.05    -45626.71       193.66   502.6      0.844      1.156     -0.065     -0.277      0.021     -0.021
3.6000        -45425.10    -45620.84       195.73   508.0      0.854      1.177     -0.086     -0.273      0.006     -0.026
3.8000        -45417.89    -45619.44       201.55   523.1      0.805      1.131     -0.100     -0.287      0.010     -0.030
4.0000        -45411.35    -45620.34       208.99   542.4      0.830      1.159     -0.065     -0.273      0.013     -0.020
4.2000        -45405.08    -45617.45       212.37   551.1      0.793      1.122     -0.062     -0.276      0.010     -0.022
4.4000        -45396.88    -45616.90       220.02   571.0      0.822      1.140     -0.072     -0.276      0.022     -0.022
4.6000        -45389.15    -45609.82       220.67   572.7      0.845      1.130     -0.046     -0.295      0.013     -0.027
4.8000        -45383.48    -45603.91       220.43   572.1      0.850      1.134     -0.066     -0.273      0.023     -0.023
5.0000        -45376.44    -45604.01       227.57   590.6      0.800      1.129     -0.072     -0.287      0.007     -0.033
5.2000        -45373.76    -45598.17       224.40   582.4      0.780      1.127     -0.071     -0.282      0.020     -0.025
5.4000        -45370.45    -45605.00       234.55   608.7      0.822      1.126     -0.047     -0.271      0.008     -0.018
5.6000        -45363.75    -45598.34       234.59   608.8      0.793      1.124     -0.074     -0.265      0.011     -0.022
5.8000        -45360.77    -45598.61       237.83   617.2      0.836      1.186     -0.008     -0.293      0.021     -0.018
6.0000        -45355.74    -45595.83       240.09   623.1      0.795      1.164     -0.061     -0.284      0.018     -0.020
6.2000        -45350.56    -45596.70       246.14   638.8      0.829      1.135     -0.006     -0.282      0.014     -0.038
6.4000        -45347.78    -45595.13       247.35   641.9      0.843      1.110     -0.003     -0.284      0.004     -0.019
6.6000        -45348.28    -45596.11       247.82   643.1      0.843      1.092     -0.030     -0.276      0.016     -0.016
6.8000        -45341.71    -45587.45       245.74   637.7      0.847      1.157     -0.031     -0.292      0.009     -0.024
7.0000        -45338.69    -45594.62       255.93   664.2      0.842      1.168     -0.026     -0.278      0.011     -0.025
7.2000        -45334.38    -45588.51       254.13   659.5      0.810      1.179     -0.001     -0.307      0.016     -0.043
7.4000        -45329.19    -45588.79       259.60   673.7      0.810      1.174      0.020     -0.314      0.006     -0.024
7.6000        -45326.86    -45587.12       260.26   675.4      0.824      1.124      0.003     -0.290      0.022     -0.018
7.8000        -45324.27    -45581.53       257.26   667.6      0.843      1.153      0.001     -0.280      0.017     -0.018
8.0000        -45320.79    -45583.59       262.79   682.0      0.876      1.126      0.024     -0.269      0.014     -0.029
8.2000        -45316.97    -45580.39       263.41   683.6      0.836      1.139     -0.019     -0.255      0.011     -0.031
8.4000        -45314.88    -45583.32       268.44   696.7      0.800      1.125      0.008     -0.282      0.028     -0.033
8.6000        -45314.26    -45579.09       264.83   687.3      0.842      1.144      0.023     -0.305      0.018     -0.031
8.8000        -45311.37    -45574.65       263.28   683.3      0.801      1.169      0.020     -0.280      0.019     -0.026
9.0000        -45310.94    -45586.46       275.52   715.0      0.834      1.160      0.032     -0.285      0.018     -0.027
9.2000        -45310.00    -45585.13       275.12   714.0      0.836      1.157      0.042     -0.287      0.004     -0.007
9.4000        -45309.29    -45583.69       274.40   712.1      0.833      1.184      0.035     -0.259      0.023     -0.025
9.6000        -45307.33    -45579.96       272.63   707.5      0.853      1.152      0.061     -0.286      0.006     -0.004
9.8000        -45305.68    -45584.27       278.59   723.0      0.853      1.144      0.046     -0.285      0.012     -0.031
10.0000       -45305.70    -45580.85       275.15   714.1      0.800      1.159      0.021     -0.277      0.006     -0.026
10.2000       -45302.11    -45579.04       276.93   718.7      0.784      1.168      0.065     -0.289      0.017     -0.005
10.4000       -45301.63    -45579.48       277.86   721.1      0.832      1.192      0.086     -0.302      0.001     -0.026
10.6000       -45304.18    -45581.72       277.54   720.3      0.797      1.139      0.036     -0.270      0.016     -0.027
10.8000       -45301.80    -45584.72       282.91   734.2      0.869      1.155      0.081     -0.283      0.013     -0.049
11.0000       -45300.50    -45584.49       284.00   737.0      0.861      1.139      0.090     -0.288      0.006     -0.042
11.2000       -45297.03    -45577.60       280.57   728.1      0.872      1.161      0.102     -0.291     -0.004     -0.020
11.4000       -45295.86    -45580.51       284.65   738.7      0.810      1.172      0.049     -0.288      0.010     -0.031
11.6000       -45295.06    -45585.93       290.87   754.9      0.847      1.185      0.061     -0.290      0.015     -0.024
11.8000       -45294.96    -45576.55       281.59   730.8      0.821      1.154      0.087     -0.277      0.015     -0.031
12.0000       -45293.60    -45582.48       288.88   749.7      0.846      1.178      0.105     -0.278      0.001     -0.023
12.2000       -45293.82    -45590.73       296.91   770.5      0.858      1.177      0.109     -0.295      0.014     -0.011
12.4000       -45292.87    -45579.58       286.71   744.1      0.873      1.203      0.158     -0.289      0.011     -0.021
12.6000       -45292.98    -45577.13       284.15   737.4      0.829      1.169      0.076     -0.282      0.034     -0.014
12.8000       -45291.83    -45580.70       288.86   749.7      0.848      1.191      0.090     -0.302      0.029     -0.037
13.0000       -45291.93    -45579.82       287.90   747.2      0.810      1.206      0.127     -0.288      0.036     -0.052
13.2000       -45292.67    -45580.13       287.46   746.0      0.842      1.173      0.080     -0.303      0.008     -0.044
13.4000       -45292.62    -45584.14       291.52   756.6      0.841      1.163      0.113     -0.264     -0.018     -0.027
13.6000       -45290.18    -45584.31       294.12   763.3      0.818      1.138      0.091     -0.286     -0.005     -0.023
13.8000       -45290.24    -45577.09       286.84   744.4      0.895      1.224      0.143     -0.301      0.006     -0.020
14.0000       -45286.99    -45574.27       287.28   745.6      0.835      1.186      0.109     -0.301      0.016     -0.000
14.2000       -45285.55    -45582.32       296.77   770.2      0.870      1.173      0.126     -0.280      0.009     -0.014
14.4000       -45286.49    -45579.90       293.41   761.5      0.851      1.172      0.144     -0.269     -0.008     -0.018
14.6000       -45285.25    -45582.01       296.76   770.2      0.877      1.164      0.142     -0.285      0.011     -0.040
14.8000       -45283.91    -45580.35       296.44   769.3      0.829      1.157      0.110     -0.294      0.003     -0.013
15.0000       -45284.51    -45583.82       299.31   776.8      0.911      1.238      0.206     -0.312      0.013     -0.015
15.2000       -45285.82    -45581.28       295.46   766.8      0.854      1.201      0.128     -0.282      0.019      0.004
15.4000       -45289.95    -45583.38       293.43   761.5      0.881      1.200      0.171     -0.292      0.019     -0.014
15.6000       -45288.75    -45583.96       295.20   766.1      0.820      1.152      0.138     -0.277     -0.003     -0.027
15.8000       -45290.33    -45586.11       295.78   767.6      0.835      1.127      0.117     -0.285     -0.001     -0.028
16.0000       -45289.86    -45583.10       293.24   761.0      0.855      1.147      0.137     -0.283      0.008     -0.023
16.2000       -45290.16    -45589.54       299.38   777.0      0.891      1.187      0.189     -0.286      0.003     -0.016
16.4000       -45290.47    -45588.84       298.37   774.3      0.900      1.211      0.185     -0.293      0.005     -0.021
16.6000       -45288.96    -45582.69       293.73   762.3      0.860      1.185      0.169     -0.282      0.021     -0.019
16.8000       -45292.28    -45588.17       295.89   767.9      0.844      1.165      0.146     -0.291      0.026     -0.021
17.0000       -45290.00    -45589.99       299.99   778.5      0.872      1.158      0.175     -0.299     -0.002     -0.051
17.2000       -45290.28    -45586.39       296.11   768.5      0.870      1.163      0.188     -0.288      0.010     -0.011
17.4000       -45290.02    -45588.66       298.64   775.0      0.848      1.180      0.170     -0.303      0.015     -0.027
17.6000       -45290.16    -45583.20       293.04   760.5      0.873      1.214      0.158     -0.308      0.001      0.002
17.8000       -45290.89    -45589.63       298.74   775.3      0.882      1.213      0.225     -0.315     -0.002     -0.011
18.0000       -45288.94    -45587.43       298.49   774.6      0.843      1.154      0.195     -0.301      0.006     -0.042
18.2000       -45289.25    -45584.62       295.37   766.5      0.844      1.163      0.174     -0.292      0.020     -0.036
18.4000       -45288.90    -45584.68       295.78   767.6      0.864      1.164      0.186     -0.280      0.012     -0.023
18.6000       -45289.93    -45594.82       304.89   791.2      0.887      1.177      0.231     -0.296      0.034     -0.008
18.8000       -45289.40    -45586.29       296.90   770.5      0.884      1.115      0.170     -0.304      0.004     -0.015
19.0000       -45288.87    -45586.61       297.74   772.7      0.866      1.178      0.185     -0.323      0.027     -0.014
19.2000       -45286.11    -45583.97       297.85   773.0      0.872      1.199      0.208     -0.312     -0.007     -0.017
19.4000       -45286.63    -45582.77       296.14   768.5      0.818      1.172      0.190     -0.301      0.012     -0.009
19.6000       -45287.89    -45581.05       293.16   760.8      0.814      1.187      0.186     -0.297      0.009     -0.013
19.8000       -45285.89    -45585.89       299.99   778.6      0.895      1.212      0.236     -0.302      0.008     -0.024
20.0000       -45287.16    -45582.90       295.74   767.5      0.867      1.111      0.176     -0.301      0.026     -0.005
